<?xml version="1.0" encoding="UTF-8"?>
<!-- Generated by org.testng.reporters.JUnitXMLReporter -->
<testsuite ignored="0" hostname="DESKTOP-2GC0944" failures="0" tests="4" name="Default test" time="14.205" errors="0" timestamp="2025-08-19T22:32:15 IST">
  <testcase classname="api.test.UserTests2" name="testPostUser" time="4.769"/>
  <testcase classname="api.test.UserTests2" name="testGetUserByName" time="3.642"/>
  <testcase classname="api.test.UserTests2" name="testUpdateUserByName" time="3.011"/>
  <testcase classname="api.test.UserTests2" name="testDeleteUserByName" time="1.349"/>
</testsuite> <!-- Default test -->
