<?xml version="1.0" encoding="UTF-8"?>
<!-- Generated by org.testng.reporters.JUnitXMLReporter -->
<testsuite ignored="0" hostname="DESKTOP-2GC0944" failures="0" tests="4" name="PetTest" time="13.727" errors="0" timestamp="2025-08-19T23:17:34 IST">
  <testcase classname="api.test.UserTests2" name="testPostUser" time="4.581"/>
  <testcase classname="api.test.UserTests2" name="testGetUserByName" time="3.387"/>
  <testcase classname="api.test.UserTests2" name="testUpdateUserByName" time="2.79"/>
  <testcase classname="api.test.UserTests2" name="testDeleteUserByName" time="1.307"/>
</testsuite> <!-- PetTest -->
