<?xml version="1.0" encoding="UTF-8"?>
<!-- Generated by org.testng.reporters.JUnitXMLReporter -->
<testsuite ignored="0" hostname="DESKTOP-2GC0944" failures="1" tests="4" name="PetTest" time="12.263" errors="0" timestamp="2025-08-19T22:30:53 IST">
  <testcase classname="api.test.UserTests2" name="testPostUser" time="4.848"/>
  <testcase classname="api.test.UserTests2" name="testGetUserByName" time="1.527">
    <failure type="java.lang.AssertionError" message="expected [200] but found [404]">
      <![CDATA[java.lang.AssertionError: expected [200] but found [404]
at api.test.UserTests2.testGetUserByName(UserTests2.java:64)
at java.base/java.util.ArrayList.forEach(ArrayList.java:1597)
... Removed 31 stack frames]]>
    </failure>
  </testcase> <!-- testGetUserByName -->
  <testcase classname="api.test.UserTests2" name="testUpdateUserByName" time="2.922"/>
  <testcase classname="api.test.UserTests2" name="testDeleteUserByName" time="1.305"/>
</testsuite> <!-- PetTest -->
